<?xml version="1.0" encoding="UTF-8"?>
<!-- Generated by org.testng.reporters.JUnitXMLReporter -->
<testsuite hostname="LAPTOP-UM7TTE4S" ignored="0" name="Test" tests="4" failures="0" timestamp="22 Apr 2024 17:09:47 GMT" time="3.666" errors="0">
  <testcase name="test01" time="0.507" classname="com.Tests.LoginTest"/>
  <testcase name="test02" time="3.151" classname="com.Tests.LoginTest"/>
  <testcase name="test03" time="0.0" classname="com.Tests.LoginTest">
    <skipped/>
  </testcase> <!-- test03 -->
  <testcase name="test04" time="0.0" classname="com.Tests.LoginTest">
    <skipped/>
  </testcase> <!-- test04 -->
</testsuite> <!-- Test -->
